{"/Users/user/.gemini/antigravity/playground/StreamServer/backend/src/utils/streamUrls.js": {"path":"/Users/user/.gemini/antigravity/playground/StreamServer/backend/src/utils/streamUrls.js","statementMap":{"0":{"start":{"line":5,"column":20},"end":{"line":5,"column":75}},"1":{"start":{"line":8,"column":2},"end":{"line":8,"column":29}},"2":{"start":{"line":8,"column":17},"end":{"line":8,"column":29}},"3":{"start":{"line":9,"column":2},"end":{"line":9,"column":57}},"4":{"start":{"line":13,"column":2},"end":{"line":13,"column":24}},"5":{"start":{"line":13,"column":12},"end":{"line":13,"column":24}},"6":{"start":{"line":14,"column":2},"end":{"line":19,"column":3}},"7":{"start":{"line":15,"column":23},"end":{"line":15,"column":72}},"8":{"start":{"line":16,"column":4},"end":{"line":16,"column":57}},"9":{"start":{"line":18,"column":4},"end":{"line":18,"column":16}},"10":{"start":{"line":23,"column":2},"end":{"line":23,"column":46}},"11":{"start":{"line":27,"column":2},"end":{"line":27,"column":53}},"12":{"start":{"line":27,"column":42},"end":{"line":27,"column":53}},"13":{"start":{"line":28,"column":2},"end":{"line":28,"column":56}},"14":{"start":{"line":28,"column":45},"end":{"line":28,"column":56}},"15":{"start":{"line":29,"column":2},"end":{"line":29,"column":34}},"16":{"start":{"line":29,"column":23},"end":{"line":29,"column":34}},"17":{"start":{"line":30,"column":2},"end":{"line":30,"column":48}},"18":{"start":{"line":34,"column":2},"end":{"line":34,"column":24}},"19":{"start":{"line":34,"column":12},"end":{"line":34,"column":24}},"20":{"start":{"line":37,"column":14},"end":{"line":37,"column":53}},"21":{"start":{"line":38,"column":2},"end":{"line":45,"column":3}},"22":{"start":{"line":39,"column":4},"end":{"line":44,"column":28}},"23":{"start":{"line":40,"column":16},"end":{"line":40,"column":28}},"24":{"start":{"line":41,"column":6},"end":{"line":43,"column":7}},"25":{"start":{"line":42,"column":8},"end":{"line":42,"column":42}},"26":{"start":{"line":48,"column":24},"end":{"line":48,"column":51}},"27":{"start":{"line":49,"column":2},"end":{"line":55,"column":3}},"28":{"start":{"line":50,"column":17},"end":{"line":50,"column":59}},"29":{"start":{"line":51,"column":4},"end":{"line":54,"column":5}},"30":{"start":{"line":52,"column":20},"end":{"line":52,"column":82}},"31":{"start":{"line":53,"column":6},"end":{"line":53,"column":34}},"32":{"start":{"line":57,"column":2},"end":{"line":57,"column":14}},"33":{"start":{"line":61,"column":2},"end":{"line":61,"column":34}},"34":{"start":{"line":61,"column":19},"end":{"line":61,"column":34}},"35":{"start":{"line":62,"column":2},"end":{"line":62,"column":68}},"36":{"start":{"line":66,"column":2},"end":{"line":66,"column":24}},"37":{"start":{"line":66,"column":12},"end":{"line":66,"column":24}},"38":{"start":{"line":67,"column":2},"end":{"line":73,"column":3}},"39":{"start":{"line":68,"column":23},"end":{"line":68,"column":73}},"40":{"start":{"line":69,"column":21},"end":{"line":69,"column":49}},"41":{"start":{"line":70,"column":4},"end":{"line":70,"column":55}},"42":{"start":{"line":72,"column":4},"end":{"line":72,"column":16}},"43":{"start":{"line":77,"column":31},"end":{"line":83,"column":1}},"44":{"start":{"line":86,"column":2},"end":{"line":86,"column":30}},"45":{"start":{"line":86,"column":17},"end":{"line":86,"column":30}},"46":{"start":{"line":87,"column":15},"end":{"line":87,"column":45}},"47":{"start":{"line":88,"column":2},"end":{"line":88,"column":100}},"48":{"start":{"line":88,"column":49},"end":{"line":88,"column":98}},"49":{"start":{"line":93,"column":2},"end":{"line":93,"column":57}},"50":{"start":{"line":93,"column":45},"end":{"line":93,"column":57}},"51":{"start":{"line":94,"column":2},"end":{"line":96,"column":33}},"52":{"start":{"line":96,"column":17},"end":{"line":96,"column":31}},"53":{"start":{"line":100,"column":2},"end":{"line":100,"column":88}},"54":{"start":{"line":109,"column":25},"end":{"line":114,"column":3}},"55":{"start":{"line":116,"column":2},"end":{"line":120,"column":3}},"56":{"start":{"line":117,"column":4},"end":{"line":117,"column":23}},"57":{"start":{"line":117,"column":14},"end":{"line":117,"column":23}},"58":{"start":{"line":118,"column":17},"end":{"line":118,"column":35}},"59":{"start":{"line":119,"column":4},"end":{"line":119,"column":75}},"60":{"start":{"line":119,"column":63},"end":{"line":119,"column":75}},"61":{"start":{"line":122,"column":2},"end":{"line":122,"column":14}},"62":{"start":{"line":126,"column":2},"end":{"line":126,"column":51}},"63":{"start":{"line":130,"column":21},"end":{"line":130,"column":47}},"64":{"start":{"line":131,"column":2},"end":{"line":131,"column":36}},"65":{"start":{"line":131,"column":18},"end":{"line":131,"column":36}},"66":{"start":{"line":133,"column":2},"end":{"line":135,"column":3}},"67":{"start":{"line":134,"column":4},"end":{"line":134,"column":83}},"68":{"start":{"line":137,"column":2},"end":{"line":137,"column":14}},"69":{"start":{"line":141,"column":15},"end":{"line":141,"column":61}},"70":{"start":{"line":142,"column":22},"end":{"line":142,"column":49}},"71":{"start":{"line":144,"column":2},"end":{"line":154,"column":3}},"72":{"start":{"line":145,"column":4},"end":{"line":153,"column":6}},"73":{"start":{"line":156,"column":2},"end":{"line":167,"column":3}},"74":{"start":{"line":157,"column":4},"end":{"line":166,"column":6}},"75":{"start":{"line":169,"column":2},"end":{"line":189,"column":3}},"76":{"start":{"line":170,"column":4},"end":{"line":179,"column":5}},"77":{"start":{"line":171,"column":6},"end":{"line":178,"column":8}},"78":{"start":{"line":180,"column":4},"end":{"line":188,"column":6}},"79":{"start":{"line":191,"column":2},"end":{"line":202,"column":3}},"80":{"start":{"line":192,"column":4},"end":{"line":201,"column":6}},"81":{"start":{"line":204,"column":2},"end":{"line":211,"column":4}},"82":{"start":{"line":215,"column":21},"end":{"line":222,"column":28}},"83":{"start":{"line":224,"column":21},"end":{"line":224,"column":65}},"84":{"start":{"line":224,"column":47},"end":{"line":224,"column":64}},"85":{"start":{"line":225,"column":2},"end":{"line":225,"column":49}},"86":{"start":{"line":225,"column":18},"end":{"line":225,"column":49}},"87":{"start":{"line":228,"column":19},"end":{"line":228,"column":79}},"88":{"start":{"line":229,"column":2},"end":{"line":235,"column":3}},"89":{"start":{"line":230,"column":4},"end":{"line":233,"column":6}},"90":{"start":{"line":234,"column":4},"end":{"line":234,"column":16}},"91":{"start":{"line":237,"column":2},"end":{"line":237,"column":50}},"92":{"start":{"line":237,"column":29},"end":{"line":237,"column":50}},"93":{"start":{"line":239,"column":2},"end":{"line":239,"column":33}},"94":{"start":{"line":243,"column":15},"end":{"line":243,"column":43}},"95":{"start":{"line":244,"column":2},"end":{"line":244,"column":25}},"96":{"start":{"line":244,"column":13},"end":{"line":244,"column":25}},"97":{"start":{"line":245,"column":16},"end":{"line":245,"column":42}},"98":{"start":{"line":246,"column":2},"end":{"line":246,"column":34}},"99":{"start":{"line":250,"column":15},"end":{"line":250,"column":42}},"100":{"start":{"line":251,"column":2},"end":{"line":251,"column":25}},"101":{"start":{"line":251,"column":13},"end":{"line":251,"column":25}},"102":{"start":{"line":252,"column":15},"end":{"line":252,"column":61}},"103":{"start":{"line":253,"column":16},"end":{"line":253,"column":42}},"104":{"start":{"line":254,"column":17},"end":{"line":254,"column":96}},"105":{"start":{"line":255,"column":19},"end":{"line":255,"column":44}},"106":{"start":{"line":256,"column":21},"end":{"line":256,"column":91}},"107":{"start":{"line":257,"column":2},"end":{"line":257,"column":54}},"108":{"start":{"line":261,"column":15},"end":{"line":261,"column":43}},"109":{"start":{"line":262,"column":2},"end":{"line":262,"column":25}},"110":{"start":{"line":262,"column":13},"end":{"line":262,"column":25}},"111":{"start":{"line":263,"column":16},"end":{"line":263,"column":62}},"112":{"start":{"line":264,"column":2},"end":{"line":264,"column":41}},"113":{"start":{"line":268,"column":16},"end":{"line":268,"column":75}},"114":{"start":{"line":269,"column":2},"end":{"line":281,"column":2}},"115":{"start":{"line":285,"column":16},"end":{"line":285,"column":39}},"116":{"start":{"line":286,"column":19},"end":{"line":286,"column":36}},"117":{"start":{"line":287,"column":15},"end":{"line":287,"column":25}},"118":{"start":{"line":288,"column":16},"end":{"line":288,"column":50}},"119":{"start":{"line":289,"column":19},"end":{"line":289,"column":27}},"120":{"start":{"line":290,"column":19},"end":{"line":290,"column":48}},"121":{"start":{"line":291,"column":17},"end":{"line":291,"column":40}},"122":{"start":{"line":292,"column":18},"end":{"line":292,"column":40}},"123":{"start":{"line":293,"column":17},"end":{"line":293,"column":96}},"124":{"start":{"line":295,"column":2},"end":{"line":331,"column":4}},"125":{"start":{"line":335,"column":2},"end":{"line":335,"column":31}},"126":{"start":{"line":335,"column":16},"end":{"line":335,"column":31}},"127":{"start":{"line":337,"column":21},"end":{"line":337,"column":31}},"128":{"start":{"line":338,"column":16},"end":{"line":338,"column":50}},"129":{"start":{"line":339,"column":19},"end":{"line":346,"column":3}},"130":{"start":{"line":348,"column":2},"end":{"line":364,"column":3}},"131":{"start":{"line":349,"column":18},"end":{"line":349,"column":41}},"132":{"start":{"line":350,"column":4},"end":{"line":360,"column":6}},"133":{"start":{"line":361,"column":4},"end":{"line":361,"column":57}},"134":{"start":{"line":363,"column":4},"end":{"line":363,"column":36}},"135":{"start":{"line":366,"column":2},"end":{"line":366,"column":18}},"136":{"start":{"line":370,"column":39},"end":{"line":370,"column":46}},"137":{"start":{"line":371,"column":2},"end":{"line":371,"column":72}},"138":{"start":{"line":375,"column":2},"end":{"line":375,"column":53}},"139":{"start":{"line":379,"column":2},"end":{"line":379,"column":52}},"140":{"start":{"line":379,"column":45},"end":{"line":379,"column":52}},"141":{"start":{"line":381,"column":15},"end":{"line":381,"column":33}},"142":{"start":{"line":382,"column":16},"end":{"line":382,"column":39}},"143":{"start":{"line":384,"column":2},"end":{"line":389,"column":3}},"144":{"start":{"line":385,"column":4},"end":{"line":388,"column":6}},"145":{"start":{"line":391,"column":2},"end":{"line":393,"column":3}},"146":{"start":{"line":392,"column":4},"end":{"line":392,"column":60}},"147":{"start":{"line":396,"column":0},"end":{"line":414,"column":2}}},"fnMap":{"0":{"name":"isLocalHostName","decl":{"start":{"line":7,"column":9},"end":{"line":7,"column":24}},"loc":{"start":{"line":7,"column":35},"end":{"line":10,"column":1}},"line":7},"1":{"name":"isLocalUrl","decl":{"start":{"line":12,"column":9},"end":{"line":12,"column":19}},"loc":{"start":{"line":12,"column":25},"end":{"line":20,"column":1}},"line":12},"2":{"name":"stripTrailingSlash","decl":{"start":{"line":22,"column":9},"end":{"line":22,"column":27}},"loc":{"start":{"line":22,"column":33},"end":{"line":24,"column":1}},"line":22},"3":{"name":"ensureHttps","decl":{"start":{"line":26,"column":9},"end":{"line":26,"column":20}},"loc":{"start":{"line":26,"column":26},"end":{"line":31,"column":1}},"line":26},"4":{"name":"getRequestPublicOrigin","decl":{"start":{"line":33,"column":9},"end":{"line":33,"column":31}},"loc":{"start":{"line":33,"column":37},"end":{"line":58,"column":1}},"line":33},"5":{"name":"normalizeMount","decl":{"start":{"line":60,"column":9},"end":{"line":60,"column":23}},"loc":{"start":{"line":60,"column":36},"end":{"line":63,"column":1}},"line":60},"6":{"name":"hostnameFromPublicUrl","decl":{"start":{"line":65,"column":9},"end":{"line":65,"column":30}},"loc":{"start":{"line":65,"column":36},"end":{"line":74,"column":1}},"line":65},"7":{"name":"isLikelyFrontendHost","decl":{"start":{"line":85,"column":9},"end":{"line":85,"column":29}},"loc":{"start":{"line":85,"column":40},"end":{"line":89,"column":1}},"line":85},"8":{"name":"(anonymous_8)","decl":{"start":{"line":88,"column":37},"end":{"line":88,"column":38}},"loc":{"start":{"line":88,"column":49},"end":{"line":88,"column":98}},"line":88},"9":{"name":"isPublicDeployment","decl":{"start":{"line":92,"column":9},"end":{"line":92,"column":27}},"loc":{"start":{"line":92,"column":30},"end":{"line":97,"column":1}},"line":92},"10":{"name":"(anonymous_10)","decl":{"start":{"line":96,"column":10},"end":{"line":96,"column":11}},"loc":{"start":{"line":96,"column":17},"end":{"line":96,"column":31}},"line":96},"11":{"name":"isIcecastDisabled","decl":{"start":{"line":99,"column":9},"end":{"line":99,"column":26}},"loc":{"start":{"line":99,"column":29},"end":{"line":101,"column":1}},"line":99},"12":{"name":"resolvePublicIcecastHost","decl":{"start":{"line":108,"column":9},"end":{"line":108,"column":33}},"loc":{"start":{"line":108,"column":36},"end":{"line":123,"column":1}},"line":108},"13":{"name":"getStreamHostname","decl":{"start":{"line":125,"column":9},"end":{"line":125,"column":26}},"loc":{"start":{"line":125,"column":29},"end":{"line":127,"column":1}},"line":125},"14":{"name":"getIcecastConnectHostname","decl":{"start":{"line":129,"column":9},"end":{"line":129,"column":34}},"loc":{"start":{"line":129,"column":37},"end":{"line":138,"column":1}},"line":129},"15":{"name":"getIcecastSetupStatus","decl":{"start":{"line":140,"column":9},"end":{"line":140,"column":30}},"loc":{"start":{"line":140,"column":33},"end":{"line":212,"column":1}},"line":140},"16":{"name":"getPublicBaseUrl","decl":{"start":{"line":214,"column":9},"end":{"line":214,"column":25}},"loc":{"start":{"line":214,"column":43},"end":{"line":240,"column":1}},"line":214},"17":{"name":"(anonymous_17)","decl":{"start":{"line":224,"column":37},"end":{"line":224,"column":38}},"loc":{"start":{"line":224,"column":47},"end":{"line":224,"column":64}},"line":224},"18":{"name":"buildListenUrl","decl":{"start":{"line":242,"column":9},"end":{"line":242,"column":23}},"loc":{"start":{"line":242,"column":48},"end":{"line":247,"column":1}},"line":242},"19":{"name":"buildDirectListenUrl","decl":{"start":{"line":249,"column":9},"end":{"line":249,"column":29}},"loc":{"start":{"line":249,"column":42},"end":{"line":258,"column":1}},"line":249},"20":{"name":"buildPlayerUrl","decl":{"start":{"line":260,"column":9},"end":{"line":260,"column":23}},"loc":{"start":{"line":260,"column":48},"end":{"line":265,"column":1}},"line":260},"21":{"name":"buildButtFile","decl":{"start":{"line":267,"column":9},"end":{"line":267,"column":22}},"loc":{"start":{"line":267,"column":100},"end":{"line":282,"column":1}},"line":267},"22":{"name":"buildButtConfig","decl":{"start":{"line":284,"column":9},"end":{"line":284,"column":24}},"loc":{"start":{"line":284,"column":46},"end":{"line":332,"column":1}},"line":284},"23":{"name":"enrichStation","decl":{"start":{"line":334,"column":9},"end":{"line":334,"column":22}},"loc":{"start":{"line":334,"column":73},"end":{"line":367,"column":1}},"line":334},"24":{"name":"enrichStationPublic","decl":{"start":{"line":369,"column":9},"end":{"line":369,"column":28}},"loc":{"start":{"line":369,"column":50},"end":{"line":372,"column":1}},"line":369},"25":{"name":"defaultMountForSlug","decl":{"start":{"line":374,"column":9},"end":{"line":374,"column":28}},"loc":{"start":{"line":374,"column":35},"end":{"line":376,"column":1}},"line":374},"26":{"name":"logStreamUrlConfig","decl":{"start":{"line":378,"column":9},"end":{"line":378,"column":27}},"loc":{"start":{"line":378,"column":30},"end":{"line":394,"column":1}},"line":378}},"branchMap":{"0":{"loc":{"start":{"line":8,"column":2},"end":{"line":8,"column":29}},"type":"if","locations":[{"start":{"line":8,"column":2},"end":{"line":8,"column":29}},{"start":{},"end":{}}],"line":8},"1":{"loc":{"start":{"line":13,"column":2},"end":{"line":13,"column":24}},"type":"if","locations":[{"start":{"line":13,"column":2},"end":{"line":13,"column":24}},{"start":{},"end":{}}],"line":13},"2":{"loc":{"start":{"line":15,"column":23},"end":{"line":15,"column":72}},"type":"cond-expr","locations":[{"start":{"line":15,"column":51},"end":{"line":15,"column":54}},{"start":{"line":15,"column":57},"end":{"line":15,"column":72}}],"line":15},"3":{"loc":{"start":{"line":23,"column":16},"end":{"line":23,"column":25}},"type":"binary-expr","locations":[{"start":{"line":23,"column":16},"end":{"line":23,"column":19}},{"start":{"line":23,"column":23},"end":{"line":23,"column":25}}],"line":23},"4":{"loc":{"start":{"line":27,"column":2},"end":{"line":27,"column":53}},"type":"if","locations":[{"start":{"line":27,"column":2},"end":{"line":27,"column":53}},{"start":{},"end":{}}],"line":27},"5":{"loc":{"start":{"line":27,"column":6},"end":{"line":27,"column":40}},"type":"binary-expr","locations":[{"start":{"line":27,"column":6},"end":{"line":27,"column":10}},{"start":{"line":27,"column":14},"end":{"line":27,"column":40}}],"line":27},"6":{"loc":{"start":{"line":28,"column":2},"end":{"line":28,"column":56}},"type":"if","locations":[{"start":{"line":28,"column":2},"end":{"line":28,"column":56}},{"start":{},"end":{}}],"line":28},"7":{"loc":{"start":{"line":29,"column":2},"end":{"line":29,"column":34}},"type":"if","locations":[{"start":{"line":29,"column":2},"end":{"line":29,"column":34}},{"start":{},"end":{}}],"line":29},"8":{"loc":{"start":{"line":34,"column":2},"end":{"line":34,"column":24}},"type":"if","locations":[{"start":{"line":34,"column":2},"end":{"line":34,"column":24}},{"start":{},"end":{}}],"line":34},"9":{"loc":{"start":{"line":37,"column":14},"end":{"line":37,"column":53}},"type":"binary-expr","locations":[{"start":{"line":37,"column":14},"end":{"line":37,"column":31}},{"start":{"line":37,"column":35},"end":{"line":37,"column":53}}],"line":37},"10":{"loc":{"start":{"line":38,"column":2},"end":{"line":45,"column":3}},"type":"if","locations":[{"start":{"line":38,"column":2},"end":{"line":45,"column":3}},{"start":{},"end":{}}],"line":38},"11":{"loc":{"start":{"line":41,"column":6},"end":{"line":43,"column":7}},"type":"if","locations":[{"start":{"line":41,"column":6},"end":{"line":43,"column":7}},{"start":{},"end":{}}],"line":41},"12":{"loc":{"start":{"line":49,"column":2},"end":{"line":55,"column":3}},"type":"if","locations":[{"start":{"line":49,"column":2},"end":{"line":55,"column":3}},{"start":{},"end":{}}],"line":49},"13":{"loc":{"start":{"line":51,"column":4},"end":{"line":54,"column":5}},"type":"if","locations":[{"start":{"line":51,"column":4},"end":{"line":54,"column":5}},{"start":{},"end":{}}],"line":51},"14":{"loc":{"start":{"line":51,"column":8},"end":{"line":51,"column":38}},"type":"binary-expr","locations":[{"start":{"line":51,"column":8},"end":{"line":51,"column":12}},{"start":{"line":51,"column":16},"end":{"line":51,"column":38}}],"line":51},"15":{"loc":{"start":{"line":52,"column":21},"end":{"line":52,"column":60}},"type":"binary-expr","locations":[{"start":{"line":52,"column":21},"end":{"line":52,"column":49}},{"start":{"line":52,"column":53},"end":{"line":52,"column":60}}],"line":52},"16":{"loc":{"start":{"line":61,"column":2},"end":{"line":61,"column":34}},"type":"if","locations":[{"start":{"line":61,"column":2},"end":{"line":61,"column":34}},{"start":{},"end":{}}],"line":61},"17":{"loc":{"start":{"line":62,"column":9},"end":{"line":62,"column":67}},"type":"cond-expr","locations":[{"start":{"line":62,"column":38},"end":{"line":62,"column":48}},{"start":{"line":62,"column":51},"end":{"line":62,"column":67}}],"line":62},"18":{"loc":{"start":{"line":66,"column":2},"end":{"line":66,"column":24}},"type":"if","locations":[{"start":{"line":66,"column":2},"end":{"line":66,"column":24}},{"start":{},"end":{}}],"line":66},"19":{"loc":{"start":{"line":68,"column":23},"end":{"line":68,"column":73}},"type":"cond-expr","locations":[{"start":{"line":68,"column":51},"end":{"line":68,"column":54}},{"start":{"line":68,"column":57},"end":{"line":68,"column":73}}],"line":68},"20":{"loc":{"start":{"line":70,"column":11},"end":{"line":70,"column":54}},"type":"cond-expr","locations":[{"start":{"line":70,"column":39},"end":{"line":70,"column":43}},{"start":{"line":70,"column":46},"end":{"line":70,"column":54}}],"line":70},"21":{"loc":{"start":{"line":86,"column":2},"end":{"line":86,"column":30}},"type":"if","locations":[{"start":{"line":86,"column":2},"end":{"line":86,"column":30}},{"start":{},"end":{}}],"line":86},"22":{"loc":{"start":{"line":88,"column":49},"end":{"line":88,"column":98}},"type":"binary-expr","locations":[{"start":{"line":88,"column":49},"end":{"line":88,"column":73}},{"start":{"line":88,"column":77},"end":{"line":88,"column":98}}],"line":88},"23":{"loc":{"start":{"line":93,"column":2},"end":{"line":93,"column":57}},"type":"if","locations":[{"start":{"line":93,"column":2},"end":{"line":93,"column":57}},{"start":{},"end":{}}],"line":93},"24":{"loc":{"start":{"line":100,"column":9},"end":{"line":100,"column":87}},"type":"binary-expr","locations":[{"start":{"line":100,"column":9},"end":{"line":100,"column":48}},{"start":{"line":100,"column":52},"end":{"line":100,"column":87}}],"line":100},"25":{"loc":{"start":{"line":117,"column":4},"end":{"line":117,"column":23}},"type":"if","locations":[{"start":{"line":117,"column":4},"end":{"line":117,"column":23}},{"start":{},"end":{}}],"line":117},"26":{"loc":{"start":{"line":119,"column":4},"end":{"line":119,"column":75}},"type":"if","locations":[{"start":{"line":119,"column":4},"end":{"line":119,"column":75}},{"start":{},"end":{}}],"line":119},"27":{"loc":{"start":{"line":119,"column":8},"end":{"line":119,"column":61}},"type":"binary-expr","locations":[{"start":{"line":119,"column":8},"end":{"line":119,"column":30}},{"start":{"line":119,"column":34},"end":{"line":119,"column":61}}],"line":119},"28":{"loc":{"start":{"line":126,"column":9},"end":{"line":126,"column":50}},"type":"binary-expr","locations":[{"start":{"line":126,"column":9},"end":{"line":126,"column":35}},{"start":{"line":126,"column":39},"end":{"line":126,"column":50}}],"line":126},"29":{"loc":{"start":{"line":131,"column":2},"end":{"line":131,"column":36}},"type":"if","locations":[{"start":{"line":131,"column":2},"end":{"line":131,"column":36}},{"start":{},"end":{}}],"line":131},"30":{"loc":{"start":{"line":133,"column":2},"end":{"line":135,"column":3}},"type":"if","locations":[{"start":{"line":133,"column":2},"end":{"line":135,"column":3}},{"start":{},"end":{}}],"line":133},"31":{"loc":{"start":{"line":134,"column":11},"end":{"line":134,"column":82}},"type":"binary-expr","locations":[{"start":{"line":134,"column":11},"end":{"line":134,"column":35}},{"start":{"line":134,"column":39},"end":{"line":134,"column":67}},{"start":{"line":134,"column":71},"end":{"line":134,"column":82}}],"line":134},"32":{"loc":{"start":{"line":141,"column":15},"end":{"line":141,"column":61}},"type":"binary-expr","locations":[{"start":{"line":141,"column":15},"end":{"line":141,"column":53}},{"start":{"line":141,"column":57},"end":{"line":141,"column":61}}],"line":141},"33":{"loc":{"start":{"line":144,"column":2},"end":{"line":154,"column":3}},"type":"if","locations":[{"start":{"line":144,"column":2},"end":{"line":154,"column":3}},{"start":{},"end":{}}],"line":144},"34":{"loc":{"start":{"line":156,"column":2},"end":{"line":167,"column":3}},"type":"if","locations":[{"start":{"line":156,"column":2},"end":{"line":167,"column":3}},{"start":{},"end":{}}],"line":156},"35":{"loc":{"start":{"line":169,"column":2},"end":{"line":189,"column":3}},"type":"if","locations":[{"start":{"line":169,"column":2},"end":{"line":189,"column":3}},{"start":{},"end":{}}],"line":169},"36":{"loc":{"start":{"line":170,"column":4},"end":{"line":179,"column":5}},"type":"if","locations":[{"start":{"line":170,"column":4},"end":{"line":179,"column":5}},{"start":{},"end":{}}],"line":170},"37":{"loc":{"start":{"line":191,"column":2},"end":{"line":202,"column":3}},"type":"if","locations":[{"start":{"line":191,"column":2},"end":{"line":202,"column":3}},{"start":{},"end":{}}],"line":191},"38":{"loc":{"start":{"line":214,"column":26},"end":{"line":214,"column":41}},"type":"default-arg","locations":[{"start":{"line":214,"column":39},"end":{"line":214,"column":41}}],"line":214},"39":{"loc":{"start":{"line":225,"column":2},"end":{"line":225,"column":49}},"type":"if","locations":[{"start":{"line":225,"column":2},"end":{"line":225,"column":49}},{"start":{},"end":{}}],"line":225},"40":{"loc":{"start":{"line":228,"column":27},"end":{"line":228,"column":78}},"type":"binary-expr","locations":[{"start":{"line":228,"column":27},"end":{"line":228,"column":45}},{"start":{"line":228,"column":49},"end":{"line":228,"column":78}}],"line":228},"41":{"loc":{"start":{"line":229,"column":2},"end":{"line":235,"column":3}},"type":"if","locations":[{"start":{"line":229,"column":2},"end":{"line":235,"column":3}},{"start":{},"end":{}}],"line":229},"42":{"loc":{"start":{"line":229,"column":6},"end":{"line":229,"column":55}},"type":"binary-expr","locations":[{"start":{"line":229,"column":6},"end":{"line":229,"column":14}},{"start":{"line":229,"column":18},"end":{"line":229,"column":55}}],"line":229},"43":{"loc":{"start":{"line":237,"column":2},"end":{"line":237,"column":50}},"type":"if","locations":[{"start":{"line":237,"column":2},"end":{"line":237,"column":50}},{"start":{},"end":{}}],"line":237},"44":{"loc":{"start":{"line":244,"column":2},"end":{"line":244,"column":25}},"type":"if","locations":[{"start":{"line":244,"column":2},"end":{"line":244,"column":25}},{"start":{},"end":{}}],"line":244},"45":{"loc":{"start":{"line":251,"column":2},"end":{"line":251,"column":25}},"type":"if","locations":[{"start":{"line":251,"column":2},"end":{"line":251,"column":25}},{"start":{},"end":{}}],"line":251},"46":{"loc":{"start":{"line":252,"column":15},"end":{"line":252,"column":61}},"type":"binary-expr","locations":[{"start":{"line":252,"column":15},"end":{"line":252,"column":53}},{"start":{"line":252,"column":57},"end":{"line":252,"column":61}}],"line":252},"47":{"loc":{"start":{"line":254,"column":17},"end":{"line":254,"column":96}},"type":"binary-expr","locations":[{"start":{"line":254,"column":17},"end":{"line":254,"column":51}},{"start":{"line":254,"column":55},"end":{"line":254,"column":96}}],"line":254},"48":{"loc":{"start":{"line":255,"column":19},"end":{"line":255,"column":44}},"type":"cond-expr","locations":[{"start":{"line":255,"column":28},"end":{"line":255,"column":35}},{"start":{"line":255,"column":38},"end":{"line":255,"column":44}}],"line":255},"49":{"loc":{"start":{"line":256,"column":21},"end":{"line":256,"column":91}},"type":"cond-expr","locations":[{"start":{"line":256,"column":76},"end":{"line":256,"column":78}},{"start":{"line":256,"column":81},"end":{"line":256,"column":91}}],"line":256},"50":{"loc":{"start":{"line":256,"column":21},"end":{"line":256,"column":73}},"type":"binary-expr","locations":[{"start":{"line":256,"column":22},"end":{"line":256,"column":28}},{"start":{"line":256,"column":32},"end":{"line":256,"column":44}},{"start":{"line":256,"column":50},"end":{"line":256,"column":57}},{"start":{"line":256,"column":61},"end":{"line":256,"column":72}}],"line":256},"51":{"loc":{"start":{"line":262,"column":2},"end":{"line":262,"column":25}},"type":"if","locations":[{"start":{"line":262,"column":2},"end":{"line":262,"column":25}},{"start":{},"end":{}}],"line":262},"52":{"loc":{"start":{"line":268,"column":16},"end":{"line":268,"column":75}},"type":"cond-expr","locations":[{"start":{"line":268,"column":35},"end":{"line":268,"column":40}},{"start":{"line":268,"column":43},"end":{"line":268,"column":75}}],"line":268},"53":{"loc":{"start":{"line":268,"column":43},"end":{"line":268,"column":75}},"type":"cond-expr","locations":[{"start":{"line":268,"column":62},"end":{"line":268,"column":67}},{"start":{"line":268,"column":70},"end":{"line":268,"column":75}}],"line":268},"54":{"loc":{"start":{"line":276,"column":9},"end":{"line":276,"column":38}},"type":"binary-expr","locations":[{"start":{"line":276,"column":9},"end":{"line":276,"column":20}},{"start":{"line":276,"column":24},"end":{"line":276,"column":38}}],"line":276},"55":{"loc":{"start":{"line":290,"column":19},"end":{"line":290,"column":48}},"type":"binary-expr","locations":[{"start":{"line":290,"column":19},"end":{"line":290,"column":42}},{"start":{"line":290,"column":46},"end":{"line":290,"column":48}}],"line":290},"56":{"loc":{"start":{"line":291,"column":17},"end":{"line":291,"column":40}},"type":"binary-expr","locations":[{"start":{"line":291,"column":17},"end":{"line":291,"column":31}},{"start":{"line":291,"column":35},"end":{"line":291,"column":40}}],"line":291},"57":{"loc":{"start":{"line":292,"column":18},"end":{"line":292,"column":40}},"type":"binary-expr","locations":[{"start":{"line":292,"column":18},"end":{"line":292,"column":33}},{"start":{"line":292,"column":37},"end":{"line":292,"column":40}}],"line":292},"58":{"loc":{"start":{"line":293,"column":17},"end":{"line":293,"column":96}},"type":"binary-expr","locations":[{"start":{"line":293,"column":17},"end":{"line":293,"column":51}},{"start":{"line":293,"column":55},"end":{"line":293,"column":96}}],"line":293},"59":{"loc":{"start":{"line":307,"column":13},"end":{"line":307,"column":72}},"type":"cond-expr","locations":[{"start":{"line":307,"column":32},"end":{"line":307,"column":37}},{"start":{"line":307,"column":40},"end":{"line":307,"column":72}}],"line":307},"60":{"loc":{"start":{"line":307,"column":40},"end":{"line":307,"column":72}},"type":"cond-expr","locations":[{"start":{"line":307,"column":59},"end":{"line":307,"column":64}},{"start":{"line":307,"column":67},"end":{"line":307,"column":72}}],"line":307},"61":{"loc":{"start":{"line":314,"column":14},"end":{"line":314,"column":45}},"type":"binary-expr","locations":[{"start":{"line":314,"column":14},"end":{"line":314,"column":29}},{"start":{"line":314,"column":33},"end":{"line":314,"column":45}}],"line":314},"62":{"loc":{"start":{"line":319,"column":14},"end":{"line":330,"column":12}},"type":"cond-expr","locations":[{"start":{"line":320,"column":8},"end":{"line":329,"column":10}},{"start":{"line":330,"column":8},"end":{"line":330,"column":12}}],"line":319},"63":{"loc":{"start":{"line":334,"column":32},"end":{"line":334,"column":71}},"type":"default-arg","locations":[{"start":{"line":334,"column":69},"end":{"line":334,"column":71}}],"line":334},"64":{"loc":{"start":{"line":334,"column":34},"end":{"line":334,"column":56}},"type":"default-arg","locations":[{"start":{"line":334,"column":52},"end":{"line":334,"column":56}}],"line":334},"65":{"loc":{"start":{"line":335,"column":2},"end":{"line":335,"column":31}},"type":"if","locations":[{"start":{"line":335,"column":2},"end":{"line":335,"column":31}},{"start":{},"end":{}}],"line":335},"66":{"loc":{"start":{"line":348,"column":2},"end":{"line":364,"column":3}},"type":"if","locations":[{"start":{"line":348,"column":2},"end":{"line":364,"column":3}},{"start":{"line":362,"column":9},"end":{"line":364,"column":3}}],"line":348},"67":{"loc":{"start":{"line":348,"column":6},"end":{"line":348,"column":48}},"type":"binary-expr","locations":[{"start":{"line":348,"column":6},"end":{"line":348,"column":21}},{"start":{"line":348,"column":25},"end":{"line":348,"column":48}}],"line":348},"68":{"loc":{"start":{"line":356,"column":14},"end":{"line":356,"column":37}},"type":"binary-expr","locations":[{"start":{"line":356,"column":14},"end":{"line":356,"column":28}},{"start":{"line":356,"column":32},"end":{"line":356,"column":37}}],"line":356},"69":{"loc":{"start":{"line":357,"column":15},"end":{"line":357,"column":37}},"type":"binary-expr","locations":[{"start":{"line":357,"column":15},"end":{"line":357,"column":30}},{"start":{"line":357,"column":34},"end":{"line":357,"column":37}}],"line":357},"70":{"loc":{"start":{"line":375,"column":9},"end":{"line":375,"column":52}},"type":"cond-expr","locations":[{"start":{"line":375,"column":27},"end":{"line":375,"column":34}},{"start":{"line":375,"column":37},"end":{"line":375,"column":52}}],"line":375},"71":{"loc":{"start":{"line":379,"column":2},"end":{"line":379,"column":52}},"type":"if","locations":[{"start":{"line":379,"column":2},"end":{"line":379,"column":52}},{"start":{},"end":{}}],"line":379},"72":{"loc":{"start":{"line":384,"column":2},"end":{"line":389,"column":3}},"type":"if","locations":[{"start":{"line":384,"column":2},"end":{"line":389,"column":3}},{"start":{},"end":{}}],"line":384},"73":{"loc":{"start":{"line":391,"column":2},"end":{"line":393,"column":3}},"type":"if","locations":[{"start":{"line":391,"column":2},"end":{"line":393,"column":3}},{"start":{},"end":{}}],"line":391}},"s":{"0":5,"1":10,"2":0,"3":10,"4":1,"5":0,"6":1,"7":1,"8":1,"9":0,"10":1,"11":1,"12":1,"13":0,"14":0,"15":0,"16":0,"17":0,"18":0,"19":0,"20":0,"21":0,"22":0,"23":0,"24":0,"25":0,"26":0,"27":0,"28":0,"29":0,"30":0,"31":0,"32":0,"33":2,"34":0,"35":2,"36":0,"37":0,"38":0,"39":0,"40":0,"41":0,"42":0,"43":5,"44":5,"45":0,"46":5,"47":5,"48":21,"49":6,"50":2,"51":4,"52":0,"53":5,"54":7,"55":7,"56":19,"57":13,"58":6,"59":6,"60":3,"61":4,"62":0,"63":7,"64":7,"65":3,"66":4,"67":2,"68":2,"69":5,"70":5,"71":5,"72":0,"73":5,"74":2,"75":3,"76":2,"77":2,"78":0,"79":1,"80":0,"81":1,"82":1,"83":1,"84":1,"85":1,"86":1,"87":0,"88":0,"89":0,"90":0,"91":0,"92":0,"93":0,"94":1,"95":1,"96":0,"97":1,"98":1,"99":1,"100":1,"101":0,"102":1,"103":1,"104":1,"105":1,"106":1,"107":1,"108":0,"109":0,"110":0,"111":0,"112":0,"113":0,"114":0,"115":0,"116":0,"117":0,"118":0,"119":0,"120":0,"121":0,"122":0,"123":0,"124":0,"125":0,"126":0,"127":0,"128":0,"129":0,"130":0,"131":0,"132":0,"133":0,"134":0,"135":0,"136":0,"137":0,"138":0,"139":0,"140":0,"141":0,"142":0,"143":0,"144":0,"145":0,"146":0,"147":5},"f":{"0":10,"1":1,"2":1,"3":1,"4":0,"5":2,"6":0,"7":5,"8":21,"9":6,"10":0,"11":5,"12":7,"13":0,"14":7,"15":5,"16":1,"17":1,"18":1,"19":1,"20":0,"21":0,"22":0,"23":0,"24":0,"25":0,"26":0},"b":{"0":[0,10],"1":[0,1],"2":[1,0],"3":[1,0],"4":[1,0],"5":[1,1],"6":[0,0],"7":[0,0],"8":[0,0],"9":[0,0],"10":[0,0],"11":[0,0],"12":[0,0],"13":[0,0],"14":[0,0],"15":[0,0],"16":[0,2],"17":[2,0],"18":[0,0],"19":[0,0],"20":[0,0],"21":[0,5],"22":[21,21],"23":[2,4],"24":[5,5],"25":[13,6],"26":[3,3],"27":[6,4],"28":[0,0],"29":[3,4],"30":[2,2],"31":[2,0,0],"32":[5,5],"33":[0,5],"34":[2,3],"35":[2,1],"36":[2,0],"37":[0,1],"38":[0],"39":[1,0],"40":[0,0],"41":[0,0],"42":[0,0],"43":[0,0],"44":[0,1],"45":[0,1],"46":[1,0],"47":[1,1],"48":[0,1],"49":[0,1],"50":[1,0,1,1],"51":[0,0],"52":[0,0],"53":[0,0],"54":[0,0],"55":[0,0],"56":[0,0],"57":[0,0],"58":[0,0],"59":[0,0],"60":[0,0],"61":[0,0],"62":[0,0],"63":[0],"64":[0],"65":[0,0],"66":[0,0],"67":[0,0],"68":[0,0],"69":[0,0],"70":[0,0],"71":[0,0],"72":[0,0],"73":[0,0]},"_coverageSchema":"1a1c01bbd47fc00a2c39e90264f33305004495a9","hash":"1fdea43be26de8f7ce6782a7656080f87dadc44d"}
}
