TN:
SF:src/utils/streamUrls.js
FN:7,isLocalHostName
FN:12,isLocalUrl
FN:22,stripTrailingSlash
FN:26,ensureHttps
FN:33,getRequestPublicOrigin
FN:60,normalizeMount
FN:65,hostnameFromPublicUrl
FN:85,isLikelyFrontendHost
FN:88,(anonymous_8)
FN:92,isPublicDeployment
FN:96,(anonymous_10)
FN:99,isIcecastDisabled
FN:108,resolvePublicIcecastHost
FN:125,getStreamHostname
FN:129,getIcecastConnectHostname
FN:140,getIcecastSetupStatus
FN:214,getPublicBaseUrl
FN:224,(anonymous_17)
FN:242,buildListenUrl
FN:249,buildDirectListenUrl
FN:260,buildPlayerUrl
FN:267,buildButtFile
FN:284,buildButtConfig
FN:334,enrichStation
FN:369,enrichStationPublic
FN:374,defaultMountForSlug
FN:378,logStreamUrlConfig
FNF:27
FNH:16
FNDA:10,isLocalHostName
FNDA:1,isLocalUrl
FNDA:1,stripTrailingSlash
FNDA:1,ensureHttps
FNDA:0,getRequestPublicOrigin
FNDA:2,normalizeMount
FNDA:0,hostnameFromPublicUrl
FNDA:5,isLikelyFrontendHost
FNDA:21,(anonymous_8)
FNDA:6,isPublicDeployment
FNDA:0,(anonymous_10)
FNDA:5,isIcecastDisabled
FNDA:7,resolvePublicIcecastHost
FNDA:0,getStreamHostname
FNDA:7,getIcecastConnectHostname
FNDA:5,getIcecastSetupStatus
FNDA:1,getPublicBaseUrl
FNDA:1,(anonymous_17)
FNDA:1,buildListenUrl
FNDA:1,buildDirectListenUrl
FNDA:0,buildPlayerUrl
FNDA:0,buildButtFile
FNDA:0,buildButtConfig
FNDA:0,enrichStation
FNDA:0,enrichStationPublic
FNDA:0,defaultMountForSlug
FNDA:0,logStreamUrlConfig
DA:5,5
DA:8,10
DA:9,10
DA:13,1
DA:14,1
DA:15,1
DA:16,1
DA:18,0
DA:23,1
DA:27,1
DA:28,0
DA:29,0
DA:30,0
DA:34,0
DA:37,0
DA:38,0
DA:39,0
DA:40,0
DA:41,0
DA:42,0
DA:48,0
DA:49,0
DA:50,0
DA:51,0
DA:52,0
DA:53,0
DA:57,0
DA:61,2
DA:62,2
DA:66,0
DA:67,0
DA:68,0
DA:69,0
DA:70,0
DA:72,0
DA:77,5
DA:86,5
DA:87,5
DA:88,21
DA:93,6
DA:94,4
DA:96,0
DA:100,5
DA:109,7
DA:116,7
DA:117,19
DA:118,6
DA:119,6
DA:122,4
DA:126,0
DA:130,7
DA:131,7
DA:133,4
DA:134,2
DA:137,2
DA:141,5
DA:142,5
DA:144,5
DA:145,0
DA:156,5
DA:157,2
DA:169,3
DA:170,2
DA:171,2
DA:180,0
DA:191,1
DA:192,0
DA:204,1
DA:215,1
DA:224,1
DA:225,1
DA:228,0
DA:229,0
DA:230,0
DA:234,0
DA:237,0
DA:239,0
DA:243,1
DA:244,1
DA:245,1
DA:246,1
DA:250,1
DA:251,1
DA:252,1
DA:253,1
DA:254,1
DA:255,1
DA:256,1
DA:257,1
DA:261,0
DA:262,0
DA:263,0
DA:264,0
DA:268,0
DA:269,0
DA:285,0
DA:286,0
DA:287,0
DA:288,0
DA:289,0
DA:290,0
DA:291,0
DA:292,0
DA:293,0
DA:295,0
DA:335,0
DA:337,0
DA:338,0
DA:339,0
DA:348,0
DA:349,0
DA:350,0
DA:361,0
DA:363,0
DA:366,0
DA:370,0
DA:371,0
DA:375,0
DA:379,0
DA:381,0
DA:382,0
DA:384,0
DA:385,0
DA:391,0
DA:392,0
DA:396,5
LF:126
LH:55
BRDA:8,0,0,0
BRDA:8,0,1,10
BRDA:13,1,0,0
BRDA:13,1,1,1
BRDA:15,2,0,1
BRDA:15,2,1,0
BRDA:23,3,0,1
BRDA:23,3,1,0
BRDA:27,4,0,1
BRDA:27,4,1,0
BRDA:27,5,0,1
BRDA:27,5,1,1
BRDA:28,6,0,0
BRDA:28,6,1,0
BRDA:29,7,0,0
BRDA:29,7,1,0
BRDA:34,8,0,0
BRDA:34,8,1,0
BRDA:37,9,0,0
BRDA:37,9,1,0
BRDA:38,10,0,0
BRDA:38,10,1,0
BRDA:41,11,0,0
BRDA:41,11,1,0
BRDA:49,12,0,0
BRDA:49,12,1,0
BRDA:51,13,0,0
BRDA:51,13,1,0
BRDA:51,14,0,0
BRDA:51,14,1,0
BRDA:52,15,0,0
BRDA:52,15,1,0
BRDA:61,16,0,0
BRDA:61,16,1,2
BRDA:62,17,0,2
BRDA:62,17,1,0
BRDA:66,18,0,0
BRDA:66,18,1,0
BRDA:68,19,0,0
BRDA:68,19,1,0
BRDA:70,20,0,0
BRDA:70,20,1,0
BRDA:86,21,0,0
BRDA:86,21,1,5
BRDA:88,22,0,21
BRDA:88,22,1,21
BRDA:93,23,0,2
BRDA:93,23,1,4
BRDA:100,24,0,5
BRDA:100,24,1,5
BRDA:117,25,0,13
BRDA:117,25,1,6
BRDA:119,26,0,3
BRDA:119,26,1,3
BRDA:119,27,0,6
BRDA:119,27,1,4
BRDA:126,28,0,0
BRDA:126,28,1,0
BRDA:131,29,0,3
BRDA:131,29,1,4
BRDA:133,30,0,2
BRDA:133,30,1,2
BRDA:134,31,0,2
BRDA:134,31,1,0
BRDA:134,31,2,0
BRDA:141,32,0,5
BRDA:141,32,1,5
BRDA:144,33,0,0
BRDA:144,33,1,5
BRDA:156,34,0,2
BRDA:156,34,1,3
BRDA:169,35,0,2
BRDA:169,35,1,1
BRDA:170,36,0,2
BRDA:170,36,1,0
BRDA:191,37,0,0
BRDA:191,37,1,1
BRDA:214,38,0,0
BRDA:225,39,0,1
BRDA:225,39,1,0
BRDA:228,40,0,0
BRDA:228,40,1,0
BRDA:229,41,0,0
BRDA:229,41,1,0
BRDA:229,42,0,0
BRDA:229,42,1,0
BRDA:237,43,0,0
BRDA:237,43,1,0
BRDA:244,44,0,0
BRDA:244,44,1,1
BRDA:251,45,0,0
BRDA:251,45,1,1
BRDA:252,46,0,1
BRDA:252,46,1,0
BRDA:254,47,0,1
BRDA:254,47,1,1
BRDA:255,48,0,0
BRDA:255,48,1,1
BRDA:256,49,0,0
BRDA:256,49,1,1
BRDA:256,50,0,1
BRDA:256,50,1,0
BRDA:256,50,2,1
BRDA:256,50,3,1
BRDA:262,51,0,0
BRDA:262,51,1,0
BRDA:268,52,0,0
BRDA:268,52,1,0
BRDA:268,53,0,0
BRDA:268,53,1,0
BRDA:276,54,0,0
BRDA:276,54,1,0
BRDA:290,55,0,0
BRDA:290,55,1,0
BRDA:291,56,0,0
BRDA:291,56,1,0
BRDA:292,57,0,0
BRDA:292,57,1,0
BRDA:293,58,0,0
BRDA:293,58,1,0
BRDA:307,59,0,0
BRDA:307,59,1,0
BRDA:307,60,0,0
BRDA:307,60,1,0
BRDA:314,61,0,0
BRDA:314,61,1,0
BRDA:319,62,0,0
BRDA:319,62,1,0
BRDA:334,63,0,0
BRDA:334,64,0,0
BRDA:335,65,0,0
BRDA:335,65,1,0
BRDA:348,66,0,0
BRDA:348,66,1,0
BRDA:348,67,0,0
BRDA:348,67,1,0
BRDA:356,68,0,0
BRDA:356,68,1,0
BRDA:357,69,0,0
BRDA:357,69,1,0
BRDA:375,70,0,0
BRDA:375,70,1,0
BRDA:379,71,0,0
BRDA:379,71,1,0
BRDA:384,72,0,0
BRDA:384,72,1,0
BRDA:391,73,0,0
BRDA:391,73,1,0
BRF:148
BRH:47
end_of_record
